# JRE version: OpenJDK Runtime Environment (8.0_152-b01) (build 1.8.0_152-release-915-b01)
# Java VM: OpenJDK 64-Bit Server VM (25.152-b01 mixed mode windows-amd64 compressed oops)
Heap:
 PSYoungGen      total 381952K, used 19599K [0x00000000e0000000, 0x00000000f8e80000, 0x0000000100000000)
  eden space 355840K, 5% used [0x00000000e0000000,0x00000000e1323f28,0x00000000f5b80000)
  from space 26112K, 0% used [0x00000000f5b80000,0x00000000f5b80000,0x00000000f7500000)
  to   space 18432K, 0% used [0x00000000f7a00000,0x00000000f7a00000,0x00000000f8c00000)
 ParOldGen       total 167424K, used 40536K [0x00000000a0000000, 0x00000000aa380000, 0x00000000e0000000)
  object space 167424K, 24% used [0x00000000a0000000,0x00000000a2796320,0x00000000aa380000)
 Metaspace       used 57285K, capacity 58990K, committed 59156K, reserved 1099776K
  class space    used 7548K, capacity 7956K, committed 8064K, reserved 1048576K
GC Heap History (10 events):
Event: 9.300 GC heap before
{Heap before GC invocations=8 (full 2):
 PSYoungGen      total 230912K, used 7449K [0x00000000e0000000, 0x00000000efe80000, 0x0000000100000000)
  eden space 216064K, 0% used [0x00000000e0000000,0x00000000e0000000,0x00000000ed300000)
  from space 14848K, 50% used [0x00000000ee100000,0x00000000ee846578,0x00000000eef80000)
  to   space 14336K, 0% used [0x00000000ed300000,0x00000000ed300000,0x00000000ee100000)
 ParOldGen       total 87040K, used 7982K [0x00000000a0000000, 0x00000000a5500000, 0x00000000e0000000)
  object space 87040K, 9% used [0x00000000a0000000,0x00000000a07cb900,0x00000000a5500000)
 Metaspace       used 34607K, capacity 35224K, committed 35416K, reserved 1079296K
  class space    used 4679K, capacity 4914K, committed 4992K, reserved 1048576K
Event: 9.415 GC heap after
Heap after GC invocations=8 (full 2):
 PSYoungGen      total 230912K, used 0K [0x00000000e0000000, 0x00000000efe80000, 0x0000000100000000)
  eden space 216064K, 0% used [0x00000000e0000000,0x00000000e0000000,0x00000000ed300000)
  from space 14848K, 0% used [0x00000000ee100000,0x00000000ee100000,0x00000000eef80000)
  to   space 14336K, 0% used [0x00000000ed300000,0x00000000ed300000,0x00000000ee100000)
 ParOldGen       total 113664K, used 14174K [0x00000000a0000000, 0x00000000a6f00000, 0x00000000e0000000)
  object space 113664K, 12% used [0x00000000a0000000,0x00000000a0dd79f0,0x00000000a6f00000)
 Metaspace       used 34607K, capacity 35224K, committed 35416K, reserved 1079296K
  class space    used 4679K, capacity 4914K, committed 4992K, reserved 1048576K
}
Event: 15.073 GC heap before
{Heap before GC invocations=9 (full 2):
 PSYoungGen      total 230912K, used 216064K [0x00000000e0000000, 0x00000000efe80000, 0x0000000100000000)
  eden space 216064K, 100% used [0x00000000e0000000,0x00000000ed300000,0x00000000ed300000)
  from space 14848K, 0% used [0x00000000ee100000,0x00000000ee100000,0x00000000eef80000)
  to   space 14336K, 0% used [0x00000000ed300000,0x00000000ed300000,0x00000000ee100000)
 ParOldGen       total 113664K, used 14174K [0x00000000a0000000, 0x00000000a6f00000, 0x00000000e0000000)
  object space 113664K, 12% used [0x00000000a0000000,0x00000000a0dd79f0,0x00000000a6f00000)
 Metaspace       used 46634K, capacity 47632K, committed 47704K, reserved 1091584K
  class space    used 6186K, capacity 6497K, committed 6528K, reserved 1048576K
Event: 15.097 GC heap after
Heap after GC invocations=9 (full 2):
 PSYoungGen      total 230400K, used 14325K [0x00000000e0000000, 0x00000000f8c00000, 0x0000000100000000)
  eden space 216064K, 0% used [0x00000000e0000000,0x00000000e0000000,0x00000000ed300000)
  from space 14336K, 99% used [0x00000000ed300000,0x00000000ee0fd740,0x00000000ee100000)
  to   space 18432K, 0% used [0x00000000f7a00000,0x00000000f7a00000,0x00000000f8c00000)
 ParOldGen       total 113664K, used 18203K [0x00000000a0000000, 0x00000000a6f00000, 0x00000000e0000000)
  object space 113664K, 16% used [0x00000000a0000000,0x00000000a11c6df0,0x00000000a6f00000)
 Metaspace       used 46634K, capacity 47632K, committed 47704K, reserved 1091584K
  class space    used 6186K, capacity 6497K, committed 6528K, reserved 1048576K
}
Event: 36.119 GC heap before
{Heap before GC invocations=10 (full 2):
 PSYoungGen      total 230400K, used 230389K [0x00000000e0000000, 0x00000000f8c00000, 0x0000000100000000)
  eden space 216064K, 100% used [0x00000000e0000000,0x00000000ed300000,0x00000000ed300000)
  from space 14336K, 99% used [0x00000000ed300000,0x00000000ee0fd740,0x00000000ee100000)
  to   space 18432K, 0% used [0x00000000f7a00000,0x00000000f7a00000,0x00000000f8c00000)
 ParOldGen       total 113664K, used 18203K [0x00000000a0000000, 0x00000000a6f00000, 0x00000000e0000000)
  object space 113664K, 16% used [0x00000000a0000000,0x00000000a11c6df0,0x00000000a6f00000)
 Metaspace       used 54853K, capacity 56588K, committed 56920K, reserved 1097728K
  class space    used 7318K, capacity 7719K, committed 7808K, reserved 1048576K
Event: 36.159 GC heap after
Heap after GC invocations=10 (full 2):
 PSYoungGen      total 374272K, used 18406K [0x00000000e0000000, 0x00000000f8e80000, 0x0000000100000000)
  eden space 355840K, 0% used [0x00000000e0000000,0x00000000e0000000,0x00000000f5b80000)
  from space 18432K, 99% used [0x00000000f7a00000,0x00000000f8bf9bf8,0x00000000f8c00000)
  to   space 26112K, 0% used [0x00000000f5b80000,0x00000000f5b80000,0x00000000f7500000)
 ParOldGen       total 113664K, used 30639K [0x00000000a0000000, 0x00000000a6f00000, 0x00000000e0000000)
  object space 113664K, 26% used [0x00000000a0000000,0x00000000a1debd58,0x00000000a6f00000)
 Metaspace       used 54853K, capacity 56588K, committed 56920K, reserved 1097728K
  class space    used 7318K, capacity 7719K, committed 7808K, reserved 1048576K
}
Event: 41.304 GC heap before
{Heap before GC invocations=11 (full 2):
 PSYoungGen      total 374272K, used 110861K [0x00000000e0000000, 0x00000000f8e80000, 0x0000000100000000)
  eden space 355840K, 25% used [0x00000000e0000000,0x00000000e5a498d0,0x00000000f5b80000)
  from space 18432K, 99% used [0x00000000f7a00000,0x00000000f8bf9bf8,0x00000000f8c00000)
  to   space 26112K, 0% used [0x00000000f5b80000,0x00000000f5b80000,0x00000000f7500000)
 ParOldGen       total 113664K, used 30639K [0x00000000a0000000, 0x00000000a6f00000, 0x00000000e0000000)
  object space 113664K, 26% used [0x00000000a0000000,0x00000000a1debd58,0x00000000a6f00000)
 Metaspace       used 57248K, capacity 58952K, committed 59028K, reserved 1099776K
  class space    used 7540K, capacity 7923K, committed 7936K, reserved 1048576K
Event: 41.333 GC heap after
Heap after GC invocations=11 (full 2):
 PSYoungGen      total 381952K, used 20343K [0x00000000e0000000, 0x00000000f8e80000, 0x0000000100000000)
  eden space 355840K, 0% used [0x00000000e0000000,0x00000000e0000000,0x00000000f5b80000)
  from space 26112K, 77% used [0x00000000f5b80000,0x00000000f6f5dd18,0x00000000f7500000)
  to   space 18432K, 0% used [0x00000000f7a00000,0x00000000f7a00000,0x00000000f8c00000)
 ParOldGen       total 113664K, used 30647K [0x00000000a0000000, 0x00000000a6f00000, 0x00000000e0000000)
  object space 113664K, 26% used [0x00000000a0000000,0x00000000a1dedd58,0x00000000a6f00000)
 Metaspace       used 57248K, capacity 58952K, committed 59028K, reserved 1099776K
  class space    used 7540K, capacity 7923K, committed 7936K, reserved 1048576K
}
Event: 41.333 GC heap before
{Heap before GC invocations=12 (full 3):
 PSYoungGen      total 381952K, used 20343K [0x00000000e0000000, 0x00000000f8e80000, 0x0000000100000000)
  eden space 355840K, 0% used [0x00000000e0000000,0x00000000e0000000,0x00000000f5b80000)
  from space 26112K, 77% used [0x00000000f5b80000,0x00000000f6f5dd18,0x00000000f7500000)
  to   space 18432K, 0% used [0x00000000f7a00000,0x00000000f7a00000,0x00000000f8c00000)
 ParOldGen       total 113664K, used 30647K [0x00000000a0000000, 0x00000000a6f00000, 0x00000000e0000000)
  object space 113664K, 26% used [0x00000000a0000000,0x00000000a1dedd58,0x00000000a6f00000)
 Metaspace       used 57248K, capacity 58952K, committed 59028K, reserved 1099776K
  class space    used 7540K, capacity 7923K, committed 7936K, reserved 1048576K
Event: 41.586 GC heap after
Heap after GC invocations=12 (full 3):
 PSYoungGen      total 381952K, used 0K [0x00000000e0000000, 0x00000000f8e80000, 0x0000000100000000)
  eden space 355840K, 0% used [0x00000000e0000000,0x00000000e0000000,0x00000000f5b80000)
  from space 26112K, 0% used [0x00000000f5b80000,0x00000000f5b80000,0x00000000f7500000)
  to   space 18432K, 0% used [0x00000000f7a00000,0x00000000f7a00000,0x00000000f8c00000)
 ParOldGen       total 167424K, used 40536K [0x00000000a0000000, 0x00000000aa380000, 0x00000000e0000000)
  object space 167424K, 24% used [0x00000000a0000000,0x00000000a2796320,0x00000000aa380000)
 Metaspace       used 57248K, capacity 58952K, committed 59028K, reserved 1099776K
  class space    used 7540K, capacity 7923K, committed 7936K, reserved 1048576K
}

