# JRE version: OpenJDK Runtime Environment (8.0_152-b01) (build 1.8.0_152-release-915-b01)
# Java VM: OpenJDK 64-Bit Server VM (25.152-b01 mixed mode windows-amd64 compressed oops)
Heap:
 PSYoungGen      total 217088K, used 24057K [0x00000000e0000000, 0x00000000ef480000, 0x0000000100000000)
  eden space 202240K, 11% used [0x00000000e0000000,0x00000000e177e690,0x00000000ec580000)
  from space 14848K, 0% used [0x00000000ed380000,0x00000000ed380000,0x00000000ee200000)
  to   space 14336K, 0% used [0x00000000ec580000,0x00000000ec580000,0x00000000ed380000)
 ParOldGen       total 116736K, used 14255K [0x00000000a0000000, 0x00000000a7200000, 0x00000000e0000000)
  object space 116736K, 12% used [0x00000000a0000000,0x00000000a0debdf0,0x00000000a7200000)
 Metaspace       used 37298K, capacity 38050K, committed 38360K, reserved 1083392K
  class space    used 5027K, capacity 5283K, committed 5376K, reserved 1048576K
GC Heap History (10 events):
Event: 4.731 GC heap before
{Heap before GC invocations=4 (full 1):
 PSYoungGen      total 76288K, used 6769K [0x00000000e0000000, 0x00000000e9500000, 0x0000000100000000)
  eden space 65536K, 0% used [0x00000000e0000000,0x00000000e0000000,0x00000000e4000000)
  from space 10752K, 62% used [0x00000000e4000000,0x00000000e469c670,0x00000000e4a80000)
  to   space 10752K, 0% used [0x00000000e8a80000,0x00000000e8a80000,0x00000000e9500000)
 ParOldGen       total 175104K, used 1948K [0x00000000a0000000, 0x00000000aab00000, 0x00000000e0000000)
  object space 175104K, 1% used [0x00000000a0000000,0x00000000a01e7230,0x00000000aab00000)
 Metaspace       used 20720K, capacity 21156K, committed 21248K, reserved 1067008K
  class space    used 2860K, capacity 3021K, committed 3072K, reserved 1048576K
Event: 4.785 GC heap after
Heap after GC invocations=4 (full 1):
 PSYoungGen      total 76288K, used 0K [0x00000000e0000000, 0x00000000e9500000, 0x0000000100000000)
  eden space 65536K, 0% used [0x00000000e0000000,0x00000000e0000000,0x00000000e4000000)
  from space 10752K, 0% used [0x00000000e4000000,0x00000000e4000000,0x00000000e4a80000)
  to   space 10752K, 0% used [0x00000000e8a80000,0x00000000e8a80000,0x00000000e9500000)
 ParOldGen       total 87552K, used 6707K [0x00000000a0000000, 0x00000000a5580000, 0x00000000e0000000)
  object space 87552K, 7% used [0x00000000a0000000,0x00000000a068cf00,0x00000000a5580000)
 Metaspace       used 20720K, capacity 21156K, committed 21248K, reserved 1067008K
  class space    used 2860K, capacity 3021K, committed 3072K, reserved 1048576K
}
Event: 6.149 GC heap before
{Heap before GC invocations=5 (full 1):
 PSYoungGen      total 76288K, used 65536K [0x00000000e0000000, 0x00000000e9500000, 0x0000000100000000)
  eden space 65536K, 100% used [0x00000000e0000000,0x00000000e4000000,0x00000000e4000000)
  from space 10752K, 0% used [0x00000000e4000000,0x00000000e4000000,0x00000000e4a80000)
  to   space 10752K, 0% used [0x00000000e8a80000,0x00000000e8a80000,0x00000000e9500000)
 ParOldGen       total 87552K, used 6707K [0x00000000a0000000, 0x00000000a5580000, 0x00000000e0000000)
  object space 87552K, 7% used [0x00000000a0000000,0x00000000a068cf00,0x00000000a5580000)
 Metaspace       used 25709K, capacity 26242K, committed 26496K, reserved 1073152K
  class space    used 3514K, capacity 3683K, committed 3712K, reserved 1048576K
Event: 6.162 GC heap after
Heap after GC invocations=5 (full 1):
 PSYoungGen      total 123904K, used 7223K [0x00000000e0000000, 0x00000000e9200000, 0x0000000100000000)
  eden space 116224K, 0% used [0x00000000e0000000,0x00000000e0000000,0x00000000e7180000)
  from space 7680K, 94% used [0x00000000e8a80000,0x00000000e918dc20,0x00000000e9200000)
  to   space 10752K, 0% used [0x00000000e7d00000,0x00000000e7d00000,0x00000000e8780000)
 ParOldGen       total 87552K, used 6715K [0x00000000a0000000, 0x00000000a5580000, 0x00000000e0000000)
  object space 87552K, 7% used [0x00000000a0000000,0x00000000a068ef00,0x00000000a5580000)
 Metaspace       used 25709K, capacity 26242K, committed 26496K, reserved 1073152K
  class space    used 3514K, capacity 3683K, committed 3712K, reserved 1048576K
}
Event: 9.131 GC heap before
{Heap before GC invocations=6 (full 1):
 PSYoungGen      total 123904K, used 123447K [0x00000000e0000000, 0x00000000e9200000, 0x0000000100000000)
  eden space 116224K, 100% used [0x00000000e0000000,0x00000000e7180000,0x00000000e7180000)
  from space 7680K, 94% used [0x00000000e8a80000,0x00000000e918dc20,0x00000000e9200000)
  to   space 10752K, 0% used [0x00000000e7d00000,0x00000000e7d00000,0x00000000e8780000)
 ParOldGen       total 87552K, used 6715K [0x00000000a0000000, 0x00000000a5580000, 0x00000000e0000000)
  object space 87552K, 7% used [0x00000000a0000000,0x00000000a068ef00,0x00000000a5580000)
 Metaspace       used 32677K, capacity 33318K, committed 33664K, reserved 1079296K
  class space    used 4417K, capacity 4618K, committed 4736K, reserved 1048576K
Event: 9.166 GC heap after
Heap after GC invocations=6 (full 1):
 PSYoungGen      total 138752K, used 10738K [0x00000000e0000000, 0x00000000ee200000, 0x0000000100000000)
  eden space 128000K, 0% used [0x00000000e0000000,0x00000000e0000000,0x00000000e7d00000)
  from space 10752K, 99% used [0x00000000e7d00000,0x00000000e877c9f0,0x00000000e8780000)
  to   space 14848K, 0% used [0x00000000ed380000,0x00000000ed380000,0x00000000ee200000)
 ParOldGen       total 87552K, used 7705K [0x00000000a0000000, 0x00000000a5580000, 0x00000000e0000000)
  object space 87552K, 8% used [0x00000000a0000000,0x00000000a0786640,0x00000000a5580000)
 Metaspace       used 32677K, capacity 33318K, committed 33664K, reserved 1079296K
  class space    used 4417K, capacity 4618K, committed 4736K, reserved 1048576K
}
Event: 9.502 GC heap before
{Heap before GC invocations=7 (full 1):
 PSYoungGen      total 138752K, used 19294K [0x00000000e0000000, 0x00000000ee200000, 0x0000000100000000)
  eden space 128000K, 6% used [0x00000000e0000000,0x00000000e085afc8,0x00000000e7d00000)
  from space 10752K, 99% used [0x00000000e7d00000,0x00000000e877c9f0,0x00000000e8780000)
  to   space 14848K, 0% used [0x00000000ed380000,0x00000000ed380000,0x00000000ee200000)
 ParOldGen       total 87552K, used 7705K [0x00000000a0000000, 0x00000000a5580000, 0x00000000e0000000)
  object space 87552K, 8% used [0x00000000a0000000,0x00000000a0786640,0x00000000a5580000)
 Metaspace       used 34626K, capacity 35284K, committed 35416K, reserved 1079296K
  class space    used 4691K, capacity 4914K, committed 4992K, reserved 1048576K
Event: 9.513 GC heap after
Heap after GC invocations=7 (full 1):
 PSYoungGen      total 217088K, used 7803K [0x00000000e0000000, 0x00000000ef480000, 0x0000000100000000)
  eden space 202240K, 0% used [0x00000000e0000000,0x00000000e0000000,0x00000000ec580000)
  from space 14848K, 52% used [0x00000000ed380000,0x00000000edb1ec38,0x00000000ee200000)
  to   space 14336K, 0% used [0x00000000ec580000,0x00000000ec580000,0x00000000ed380000)
 ParOldGen       total 87552K, used 7713K [0x00000000a0000000, 0x00000000a5580000, 0x00000000e0000000)
  object space 87552K, 8% used [0x00000000a0000000,0x00000000a0788640,0x00000000a5580000)
 Metaspace       used 34626K, capacity 35284K, committed 35416K, reserved 1079296K
  class space    used 4691K, capacity 4914K, committed 4992K, reserved 1048576K
}
Event: 9.513 GC heap before
{Heap before GC invocations=8 (full 2):
 PSYoungGen      total 217088K, used 7803K [0x00000000e0000000, 0x00000000ef480000, 0x0000000100000000)
  eden space 202240K, 0% used [0x00000000e0000000,0x00000000e0000000,0x00000000ec580000)
  from space 14848K, 52% used [0x00000000ed380000,0x00000000edb1ec38,0x00000000ee200000)
  to   space 14336K, 0% used [0x00000000ec580000,0x00000000ec580000,0x00000000ed380000)
 ParOldGen       total 87552K, used 7713K [0x00000000a0000000, 0x00000000a5580000, 0x00000000e0000000)
  object space 87552K, 8% used [0x00000000a0000000,0x00000000a0788640,0x00000000a5580000)
 Metaspace       used 34626K, capacity 35284K, committed 35416K, reserved 1079296K
  class space    used 4691K, capacity 4914K, committed 4992K, reserved 1048576K
Event: 9.569 GC heap after
Heap after GC invocations=8 (full 2):
 PSYoungGen      total 217088K, used 0K [0x00000000e0000000, 0x00000000ef480000, 0x0000000100000000)
  eden space 202240K, 0% used [0x00000000e0000000,0x00000000e0000000,0x00000000ec580000)
  from space 14848K, 0% used [0x00000000ed380000,0x00000000ed380000,0x00000000ee200000)
  to   space 14336K, 0% used [0x00000000ec580000,0x00000000ec580000,0x00000000ed380000)
 ParOldGen       total 116736K, used 14255K [0x00000000a0000000, 0x00000000a7200000, 0x00000000e0000000)
  object space 116736K, 12% used [0x00000000a0000000,0x00000000a0debdf0,0x00000000a7200000)
 Metaspace       used 34626K, capacity 35284K, committed 35416K, reserved 1079296K
  class space    used 4691K, capacity 4914K, committed 4992K, reserved 1048576K
}

